0 info it worked if it ends with ok
1 verbose cli [ '/usr/local/bin/node',
1 verbose cli   '/usr/local/bin/npm',
1 verbose cli   'i',
1 verbose cli   '--save',
1 verbose cli   'godlike.css' ]
2 info using npm@3.10.6
3 info using node@v5.12.0
4 silly loadCurrentTree Starting
5 silly install loadCurrentTree
6 silly install readLocalPackageData
7 silly fetchPackageMetaData godlike.css
8 silly fetchOtherPackageData godlike.css
9 silly cache add args [ 'godlike.css', null ]
10 verbose cache add spec godlike.css
11 silly cache add parsed spec Result {
11 silly cache add   raw: 'godlike.css',
11 silly cache add   scope: null,
11 silly cache add   escapedName: 'godlike.css',
11 silly cache add   name: null,
11 silly cache add   rawSpec: 'godlike.css',
11 silly cache add   spec: '/Users/MobiDevices/Work/godlike.css/godlike.css',
11 silly cache add   type: 'local' }
12 silly addLocalTarball shasum (computed) ad45df5b3251fd89cbe4cc66b68c796be0413323
13 verbose addTmpTarball /Users/MobiDevices/Work/godlike.css/godlike.css not in flight; adding
14 verbose correctMkdir /Users/MobiDevices/.npm correctMkdir not in flight; initializing
15 verbose addTmpTarball validating metadata from /Users/MobiDevices/Work/godlike.css/godlike.css
16 verbose tar unpack /Users/MobiDevices/Work/godlike.css/godlike.css
17 verbose tar unpacking to /var/folders/yb/pxskql5s6m503wrds3b6s7jh0000gn/T/npm-8442-2ac25ff9/unpack-cf0b6a5f
18 silly gentlyRm /var/folders/yb/pxskql5s6m503wrds3b6s7jh0000gn/T/npm-8442-2ac25ff9/unpack-cf0b6a5f is being purged
19 verbose gentlyRm don't care about contents; nuking /var/folders/yb/pxskql5s6m503wrds3b6s7jh0000gn/T/npm-8442-2ac25ff9/unpack-cf0b6a5f
20 silly gunzTarPerm modes [ '755', '644' ]
21 error not a package /Users/MobiDevices/Work/godlike.css/godlike.css
22 error addLocal Could not install /Users/MobiDevices/Work/godlike.css/godlike.css
23 silly fetchPackageMetaData Error: ENOENT: no such file or directory, open '/var/folders/yb/pxskql5s6m503wrds3b6s7jh0000gn/T/npm-8442-2ac25ff9/unpack-cf0b6a5f/package.json'
23 silly fetchPackageMetaData     at Error (native)
23 silly fetchPackageMetaData  error for godlike.css { [Error: ENOENT: no such file or directory, open '/var/folders/yb/pxskql5s6m503wrds3b6s7jh0000gn/T/npm-8442-2ac25ff9/unpack-cf0b6a5f/package.json']
23 silly fetchPackageMetaData   errno: -2,
23 silly fetchPackageMetaData   code: 'ENOENT',
23 silly fetchPackageMetaData   syscall: 'open',
23 silly fetchPackageMetaData   path: '/var/folders/yb/pxskql5s6m503wrds3b6s7jh0000gn/T/npm-8442-2ac25ff9/unpack-cf0b6a5f/package.json' }
24 silly rollbackFailedOptional Starting
25 silly rollbackFailedOptional Finishing
26 silly runTopLevelLifecycles Starting
27 silly runTopLevelLifecycles Finishing
28 silly install printInstalled
29 verbose stack Error: ENOENT: no such file or directory, open '/var/folders/yb/pxskql5s6m503wrds3b6s7jh0000gn/T/npm-8442-2ac25ff9/unpack-cf0b6a5f/package.json'
29 verbose stack     at Error (native)
30 verbose cwd /Users/MobiDevices/Work/godlike.css
31 error Darwin 15.6.0
32 error argv "/usr/local/bin/node" "/usr/local/bin/npm" "i" "--save" "godlike.css"
33 error node v5.12.0
34 error npm  v3.10.6
35 error path /var/folders/yb/pxskql5s6m503wrds3b6s7jh0000gn/T/npm-8442-2ac25ff9/unpack-cf0b6a5f/package.json
36 error code ENOENT
37 error errno -2
38 error syscall open
39 error enoent ENOENT: no such file or directory, open '/var/folders/yb/pxskql5s6m503wrds3b6s7jh0000gn/T/npm-8442-2ac25ff9/unpack-cf0b6a5f/package.json'
40 error enoent ENOENT: no such file or directory, open '/var/folders/yb/pxskql5s6m503wrds3b6s7jh0000gn/T/npm-8442-2ac25ff9/unpack-cf0b6a5f/package.json'
40 error enoent This is most likely not a problem with npm itself
40 error enoent and is related to npm not being able to find a file.
41 verbose exit [ -2, true ]
